Step: build-step-credential-initializer:

{"level":"warn","ts":1549377375.0324702,"logger":"fallback-logger","caller":"logging/config.go:65","msg":"Fetch GitHub commit ID from kodata failed: \"ref: refs/heads/test\" is not a valid GitHub commit ID"}
{"level":"info","ts":1549377375.0328615,"logger":"fallback-logger","caller":"creds-init/main.go:40","msg":"Credentials initialized."}
Step: build-step-git-source-0:

{"level":"warn","ts":1549377375.8723888,"logger":"fallback-logger","caller":"logging/config.go:65","msg":"Fetch GitHub commit ID from kodata failed: \"ref: refs/heads/test\" is not a valid GitHub commit ID"}
{"level":"info","ts":1549377377.0780025,"logger":"fallback-logger","caller":"git-init/main.go:92","msg":"Successfully cloned \"https://github.com/cb-kubecd/steve-golang.git\" @ \"dab993693cdcc42aea23c3713020557a12d798f6\" in path \"/workspace\""}
Step: build-step-jenkins:

Picked up _JAVA_OPTIONS: -Xmx400m
Started
Running in Durability level: PERFORMANCE_OPTIMIZED
  18.952 [id=29]	WARNING	i.f.k.c.i.VersionUsageUtils#alert: The client is using resource type 'customresourcedefinitions' with unstable version 'v1beta1'
[Pipeline] node
Running on Jenkins in /tmp/jenkinsTests.tmp/jenkins541831600583053658test/workspace/job
[Pipeline] {
[Pipeline] stage
[Pipeline] { (Declarative: Checkout SCM)
[Pipeline] checkout
[Pipeline] }
[Pipeline] // stage
[Pipeline] withCredentials
[Pipeline] {
[Pipeline] withEnv
[Pipeline] {
[Pipeline] stage
[Pipeline] { (CI Build and push snapshot)
Stage "CI Build and push snapshot" skipped due to when conditional
[Pipeline] }
[Pipeline] // stage
[Pipeline] stage
[Pipeline] { (Build Release)
[Pipeline] dir
Running in /home/jenkins/go/src/github.com/cb-kubecd/steve-golang
[Pipeline] {
[Pipeline] git
Cloning the remote Git repository
Cloning repository https://github.com/cb-kubecd/steve-golang.git
 > git init /home/jenkins/go/src/github.com/cb-kubecd/steve-golang # timeout=10
Fetching upstream changes from https://github.com/cb-kubecd/steve-golang.git
 > git --version # timeout=10
 > git fetch --tags --progress https://github.com/cb-kubecd/steve-golang.git +refs/heads/*:refs/remotes/origin/*
 > git config remote.origin.url https://github.com/cb-kubecd/steve-golang.git # timeout=10
 > git config --add remote.origin.fetch +refs/heads/*:refs/remotes/origin/* # timeout=10
 > git config remote.origin.url https://github.com/cb-kubecd/steve-golang.git # timeout=10
Fetching upstream changes from https://github.com/cb-kubecd/steve-golang.git
 > git fetch --tags --progress https://github.com/cb-kubecd/steve-golang.git +refs/heads/*:refs/remotes/origin/*
 > git rev-parse refs/remotes/origin/master^{commit} # timeout=10
 > git rev-parse refs/remotes/origin/origin/master^{commit} # timeout=10
Checking out Revision dab993693cdcc42aea23c3713020557a12d798f6 (refs/remotes/origin/master)
 > git config core.sparsecheckout # timeout=10
 > git checkout -f dab993693cdcc42aea23c3713020557a12d798f6
 > git branch -a -v --no-abbrev # timeout=10
 > git checkout -b master dab993693cdcc42aea23c3713020557a12d798f6
Commit message: "Revert "Revert "removed changelog"""
First time build. Skipping changelog.
[Pipeline] sh
+ jx-release-version
+ echo 0.0.34
[Pipeline] sh
+ cat VERSION
+ jx step tag --version 0.0.34
Tag v0.0.34 created and pushed to remote origin
[Pipeline] sh
+ make build
CGO_ENABLED=0 GO15VENDOREXPERIMENT=1 go build -ldflags '' -o bin/steve-golang main.go
[Pipeline] sh
+ cat VERSION
+ export VERSION=0.0.34
+ skaffold build -f skaffold.yaml
time="2019-02-05T14:37:07Z" level=warning msg="config version (skaffold/v1beta2) out of date: upgrading to latest (skaffold/v1beta3)"
Starting build...
Building [changeme]...
Sending build context to Docker daemon  525.8kBSending build context to Docker daemon  6.502MB
Step 1/4 : FROM scratch
 ---> 
Step 2/4 : EXPOSE 8080
 ---> Using cache
 ---> d1a007f0f3eb
Step 3/4 : ENTRYPOINT /steve-golang
 ---> Using cache
 ---> c92d1459312a
Step 4/4 : COPY ./bin/ /
 ---> Using cache
 ---> 547d0a45a941
Successfully built 547d0a45a941
The push refers to a repository [10.75.242.126:5000/cb-kubecd/steve-golang]
af778f24a863: Preparing
af778f24a863: Layer already exists
0.0.34: digest: sha256:92a790b337cd6c85b47fdcc7a72a83ecb420280ff3e845a587390a8810b62923 size: 528
Build complete in 275.82598ms
Starting test...
Test complete in 4.682µs
changeme -> 10.75.242.126:5000/cb-kubecd/steve-golang:0.0.34
[Pipeline] sh
+ cat VERSION
+ jx step post build --image 10.75.242.126:5000/cb-kubecd/steve-golang:0.0.34
[Pipeline] }
[Pipeline] // dir
[Pipeline] }
[Pipeline] // stage
[Pipeline] stage
[Pipeline] { (Promote to Environments)
[Pipeline] dir
Running in /home/jenkins/go/src/github.com/cb-kubecd/steve-golang/charts/steve-golang
[Pipeline] {
[Pipeline] sh
+ jx step helm release
No $CHART_REPOSITORY defined so using the default value of: http://jenkins-x-chartmuseum:8080
Adding missing Helm repo: jenkins-x http://chartmuseum.jenkins-x.io
Successfully added Helm repository jenkins-x.
Adding missing Helm repo: releases http://jenkins-x-chartmuseum:8080
Successfully added Helm repository releases.
No $CHART_REPOSITORY defined so using the default value of: http://jenkins-x-chartmuseum:8080
Uploading chart file steve-golang-0.0.34.tgz to http://jenkins-x-chartmuseum:8080/api/charts
Received 201 response: {"saved":true}
[Pipeline] sh
+ cat ../../VERSION
+ jx promote -b --all-auto --timeout 1h --version 0.0.34
prow based install so skip waiting for the merge of Pull Requests to go green as currently there is an issue with gettingstatuses from the PR, see https://github.com/jenkins-x/jx/issues/2410
Promoting app steve-golang version 0.0.34 to namespace jx-staging
Created Pull Request: https://github.com/cb-kubecd/shared-dev-staging/pull/29

Failed to query the Pull Request last commit status for https://github.com/cb-kubecd/shared-dev-staging/pull/29 ref c6c8d2f2e236291c3e371b2e4480f58a68eec7c3 Could not find a status for repository cb-kubecd/shared-dev-staging with ref c6c8d2f2e236291c3e371b2e4480f58a68eec7c3
Failed to query the Pull Request last commit status for https://github.com/cb-kubecd/shared-dev-staging/pull/29 ref c6c8d2f2e236291c3e371b2e4480f58a68eec7c3 Could not find a status for repository cb-kubecd/shared-dev-staging with ref c6c8d2f2e236291c3e371b2e4480f58a68eec7c3
Failed to query the Pull Request last commit status for https://github.com/cb-kubecd/shared-dev-staging/pull/29 ref c6c8d2f2e236291c3e371b2e4480f58a68eec7c3 Could not find a status for repository cb-kubecd/shared-dev-staging with ref c6c8d2f2e236291c3e371b2e4480f58a68eec7c3
Pull Request https://github.com/cb-kubecd/shared-dev-staging/pull/29 is merged at sha bbbdccdda9942653a341ed472d879996c4515530
Pull Request merged but we are not waiting for the update pipeline to complete!
[Pipeline] }
[Pipeline] // dir
[Pipeline] }
[Pipeline] // stage
[Pipeline] }
[Pipeline] // withEnv
[Pipeline] }
[Pipeline] // withCredentials
[Pipeline] }
[Pipeline] // node
[Pipeline] End of Pipeline
Finished: SUCCESS
