Step: build-step-credential-initializer:

{"level":"warn","ts":1549378756.3375163,"logger":"fallback-logger","caller":"logging/config.go:65","msg":"Fetch GitHub commit ID from kodata failed: \"ref: refs/heads/test\" is not a valid GitHub commit ID"}
{"level":"info","ts":1549378756.3387828,"logger":"fallback-logger","caller":"creds-init/main.go:40","msg":"Credentials initialized."}
Step: build-step-git-source-0:

{"level":"warn","ts":1549378757.06462,"logger":"fallback-logger","caller":"logging/config.go:65","msg":"Fetch GitHub commit ID from kodata failed: \"ref: refs/heads/test\" is not a valid GitHub commit ID"}
{"level":"info","ts":1549378758.2064207,"logger":"fallback-logger","caller":"git-init/main.go:92","msg":"Successfully cloned \"https://github.com/cb-kubecd/steve-golang.git\" @ \"master\" in path \"/workspace\""}
Step: build-step-jenkins:

Picked up _JAVA_OPTIONS: -Xmx400m
Started
Running in Durability level: PERFORMANCE_OPTIMIZED
  42.266 [id=26]	WARNING	i.f.k.c.i.VersionUsageUtils#alert: The client is using resource type 'customresourcedefinitions' with unstable version 'v1beta1'
[Pipeline] node
Running on Jenkins in /tmp/jenkinsTests.tmp/jenkins7538467088306210712test/workspace/job
[Pipeline] {
[Pipeline] stage
[Pipeline] { (Declarative: Checkout SCM)
[Pipeline] checkout
[Pipeline] }
[Pipeline] // stage
[Pipeline] withCredentials
[Pipeline] {
[Pipeline] withEnv
[Pipeline] {
[Pipeline] stage
[Pipeline] { (CI Build and push snapshot)
Stage "CI Build and push snapshot" skipped due to when conditional
[Pipeline] }
[Pipeline] // stage
[Pipeline] stage
[Pipeline] { (Build Release)
[Pipeline] dir
Running in /home/jenkins/go/src/github.com/cb-kubecd/steve-golang
[Pipeline] {
[Pipeline] git
Cloning the remote Git repository
Cloning repository https://github.com/cb-kubecd/steve-golang.git
 > git init /home/jenkins/go/src/github.com/cb-kubecd/steve-golang # timeout=10
Fetching upstream changes from https://github.com/cb-kubecd/steve-golang.git
 > git --version # timeout=10
 > git fetch --tags --progress https://github.com/cb-kubecd/steve-golang.git +refs/heads/*:refs/remotes/origin/*
 > git config remote.origin.url https://github.com/cb-kubecd/steve-golang.git # timeout=10
 > git config --add remote.origin.fetch +refs/heads/*:refs/remotes/origin/* # timeout=10
 > git config remote.origin.url https://github.com/cb-kubecd/steve-golang.git # timeout=10
Fetching upstream changes from https://github.com/cb-kubecd/steve-golang.git
 > git fetch --tags --progress https://github.com/cb-kubecd/steve-golang.git +refs/heads/*:refs/remotes/origin/*
 > git rev-parse refs/remotes/origin/master^{commit} # timeout=10
 > git rev-parse refs/remotes/origin/origin/master^{commit} # timeout=10
Checking out Revision dbb038e293a1a62b6713e5ed3835abf99213f5ec (refs/remotes/origin/master)
 > git config core.sparsecheckout # timeout=10
 > git checkout -f dbb038e293a1a62b6713e5ed3835abf99213f5ec
 > git branch -a -v --no-abbrev # timeout=10
 > git checkout -b master dbb038e293a1a62b6713e5ed3835abf99213f5ec
Commit message: "Revert "Revert "Revert "removed changelog""""
First time build. Skipping changelog.
[Pipeline] sh
+ jx-release-version
+ echo 0.0.36
[Pipeline] sh
+ cat VERSION
+ jx step tag --version 0.0.36
Tag v0.0.36 created and pushed to remote origin
[Pipeline] sh
+ make build
CGO_ENABLED=0 GO15VENDOREXPERIMENT=1 go build -ldflags '' -o bin/steve-golang main.go
[Pipeline] sh
+ cat VERSION
+ export VERSION=0.0.36
+ skaffold build -f skaffold.yaml
time="2019-02-05T15:00:58Z" level=warning msg="config version (skaffold/v1beta2) out of date: upgrading to latest (skaffold/v1beta3)"
Starting build...
Building [changeme]...
Sending build context to Docker daemon  525.8kBSending build context to Docker daemon  6.502MB
Step 1/4 : FROM scratch
 ---> 
Step 2/4 : EXPOSE 8080
 ---> Using cache
 ---> d1a007f0f3eb
Step 3/4 : ENTRYPOINT /steve-golang
 ---> Using cache
 ---> c92d1459312a
Step 4/4 : COPY ./bin/ /
 ---> Using cache
 ---> 547d0a45a941
Successfully built 547d0a45a941
The push refers to a repository [10.75.242.126:5000/cb-kubecd/steve-golang]
af778f24a863: Preparing
af778f24a863: Layer already exists
0.0.36: digest: sha256:92a790b337cd6c85b47fdcc7a72a83ecb420280ff3e845a587390a8810b62923 size: 528
Build complete in 350.096613ms
Starting test...
Test complete in 4.191µs
changeme -> 10.75.242.126:5000/cb-kubecd/steve-golang:0.0.36
[Pipeline] sh
+ cat VERSION
+ jx step post build --image 10.75.242.126:5000/cb-kubecd/steve-golang:0.0.36
[Pipeline] }
[Pipeline] // dir
[Pipeline] }
[Pipeline] // stage
[Pipeline] stage
[Pipeline] { (Promote to Environments)
[Pipeline] dir
Running in /home/jenkins/go/src/github.com/cb-kubecd/steve-golang/charts/steve-golang
[Pipeline] {
[Pipeline] sh
+ cat ../../VERSION
+ jx step changelog --version v0.0.36
Using batch mode as inside a pipeline
Generating change log from git ref v0.0.17 => 0a732190da71313fa493b5464d1cccde5284d1f3
error: object not found
[Pipeline] }
[Pipeline] // dir
[Pipeline] }
[Pipeline] // stage
[Pipeline] }
[Pipeline] // withEnv
[Pipeline] }
[Pipeline] // withCredentials
[Pipeline] }
[Pipeline] // node
[Pipeline] End of Pipeline
