Step: build-step-credential-initializer:

{"level":"warn","ts":1549379236.0206296,"logger":"fallback-logger","caller":"logging/config.go:65","msg":"Fetch GitHub commit ID from kodata failed: \"ref: refs/heads/test\" is not a valid GitHub commit ID"}
{"level":"info","ts":1549379236.0217588,"logger":"fallback-logger","caller":"creds-init/main.go:40","msg":"Credentials initialized."}
Step: build-step-git-source-0:

{"level":"warn","ts":1549379237.5099676,"logger":"fallback-logger","caller":"logging/config.go:65","msg":"Fetch GitHub commit ID from kodata failed: \"ref: refs/heads/test\" is not a valid GitHub commit ID"}
{"level":"info","ts":1549379239.0634346,"logger":"fallback-logger","caller":"git-init/main.go:92","msg":"Successfully cloned \"https://github.com/cb-kubecd/steve-golang.git\" @ \"477cf1b3fca3744014b256893f05488f4f77cd42\" in path \"/workspace\""}
Step: build-step-jenkins:

Picked up _JAVA_OPTIONS: -Xmx400m
Started
Running in Durability level: PERFORMANCE_OPTIMIZED
  22.236 [id=26]	WARNING	i.f.k.c.i.VersionUsageUtils#alert: The client is using resource type 'customresourcedefinitions' with unstable version 'v1beta1'
[Pipeline] node
Running on Jenkins in /tmp/jenkinsTests.tmp/jenkins4852937504531194731test/workspace/job
[Pipeline] {
[Pipeline] stage
[Pipeline] { (Declarative: Checkout SCM)
[Pipeline] checkout
[Pipeline] }
[Pipeline] // stage
[Pipeline] withCredentials
[Pipeline] {
[Pipeline] withEnv
[Pipeline] {
[Pipeline] stage
[Pipeline] { (CI Build and push snapshot)
Stage "CI Build and push snapshot" skipped due to when conditional
[Pipeline] }
[Pipeline] // stage
[Pipeline] stage
[Pipeline] { (Build Release)
[Pipeline] dir
Running in /home/jenkins/go/src/github.com/cb-kubecd/steve-golang
[Pipeline] {
[Pipeline] git
Cloning the remote Git repository
Cloning repository https://github.com/cb-kubecd/steve-golang.git
 > git init /home/jenkins/go/src/github.com/cb-kubecd/steve-golang # timeout=10
Fetching upstream changes from https://github.com/cb-kubecd/steve-golang.git
 > git --version # timeout=10
 > git fetch --tags --progress https://github.com/cb-kubecd/steve-golang.git +refs/heads/*:refs/remotes/origin/*
 > git config remote.origin.url https://github.com/cb-kubecd/steve-golang.git # timeout=10
 > git config --add remote.origin.fetch +refs/heads/*:refs/remotes/origin/* # timeout=10
 > git config remote.origin.url https://github.com/cb-kubecd/steve-golang.git # timeout=10
Fetching upstream changes from https://github.com/cb-kubecd/steve-golang.git
 > git fetch --tags --progress https://github.com/cb-kubecd/steve-golang.git +refs/heads/*:refs/remotes/origin/*
 > git rev-parse refs/remotes/origin/master^{commit} # timeout=10
 > git rev-parse refs/remotes/origin/origin/master^{commit} # timeout=10
Checking out Revision 477cf1b3fca3744014b256893f05488f4f77cd42 (refs/remotes/origin/master)
 > git config core.sparsecheckout # timeout=10
 > git checkout -f 477cf1b3fca3744014b256893f05488f4f77cd42
 > git branch -a -v --no-abbrev # timeout=10
 > git checkout -b master 477cf1b3fca3744014b256893f05488f4f77cd42
Commit message: "Revert "Revert "Revert "Revert "removed changelog"""""
First time build. Skipping changelog.
[Pipeline] sh
+ jx-release-version
+ echo 0.0.37
[Pipeline] sh
+ cat VERSION
+ jx step tag --version 0.0.37
Tag v0.0.37 created and pushed to remote origin
[Pipeline] sh
+ make build
CGO_ENABLED=0 GO15VENDOREXPERIMENT=1 go build -ldflags '' -o bin/steve-golang main.go
[Pipeline] sh
+ cat VERSION
+ export VERSION=0.0.37
+ skaffold build -f skaffold.yaml
time="2019-02-05T15:10:31Z" level=warning msg="config version (skaffold/v1beta2) out of date: upgrading to latest (skaffold/v1beta3)"
Starting build...
Building [changeme]...
Sending build context to Docker daemon  525.8kBSending build context to Docker daemon  4.425MBSending build context to Docker daemon  6.502MB
Step 1/4 : FROM scratch
 ---> 
Step 2/4 : EXPOSE 8080
 ---> Using cache
 ---> 72d23a983477
Step 3/4 : ENTRYPOINT /steve-golang
 ---> Using cache
 ---> cbcaf5632d5f
Step 4/4 : COPY ./bin/ /
 ---> 7c6ded9ff5d3
Successfully built 7c6ded9ff5d3
The push refers to a repository [10.75.242.126:5000/cb-kubecd/steve-golang]
4bc4b0ef5100: Preparing
4bc4b0ef5100: Pushed
0.0.37: digest: sha256:b11b9104358b9a81abe19975ccddbe81542aa3557cde2807a52134c8e14d9e5d size: 528
Build complete in 1.559147781s
Starting test...
Test complete in 4.846µs
changeme -> 10.75.242.126:5000/cb-kubecd/steve-golang:0.0.37
There is a new version (0.22.0) of skaffold available. Download it at https://storage.googleapis.com/skaffold/releases/latest/skaffold-linux-amd64

[Pipeline] sh
+ cat VERSION
+ jx step post build --image 10.75.242.126:5000/cb-kubecd/steve-golang:0.0.37
[Pipeline] }
[Pipeline] // dir
[Pipeline] }
[Pipeline] // stage
[Pipeline] stage
[Pipeline] { (Promote to Environments)
[Pipeline] dir
Running in /home/jenkins/go/src/github.com/cb-kubecd/steve-golang/charts/steve-golang
[Pipeline] {
[Pipeline] sh
+ jx step helm release
No $CHART_REPOSITORY defined so using the default value of: http://jenkins-x-chartmuseum:8080
Adding missing Helm repo: jenkins-x http://chartmuseum.jenkins-x.io
Successfully added Helm repository jenkins-x.
Adding missing Helm repo: releases http://jenkins-x-chartmuseum:8080
Successfully added Helm repository releases.
No $CHART_REPOSITORY defined so using the default value of: http://jenkins-x-chartmuseum:8080
Uploading chart file steve-golang-0.0.37.tgz to http://jenkins-x-chartmuseum:8080/api/charts
Received 401 response: {"error":"unauthorized"}
error: Failed to post chart to http://jenkins-x-chartmuseum:8080/api/charts due to response 401: {"error":"unauthorized"}
[Pipeline] }
[Pipeline] // dir
[Pipeline] }
[Pipeline] // stage
[Pipeline] }
[Pipeline] // withEnv
[Pipeline] }
[Pipeline] // withCredentials
[Pipeline] }
[Pipeline] // node
[Pipeline] End of Pipeline
