Step: build-step-credential-initializer:

{"level":"warn","ts":1549295728.484009,"logger":"fallback-logger","caller":"logging/config.go:65","msg":"Fetch GitHub commit ID from kodata failed: \"ref: refs/heads/test\" is not a valid GitHub commit ID"}
{"level":"info","ts":1549295728.4848652,"logger":"fallback-logger","caller":"creds-init/main.go:40","msg":"Credentials initialized."}
Step: build-step-git-source-0:

{"level":"warn","ts":1549295729.2085123,"logger":"fallback-logger","caller":"logging/config.go:65","msg":"Fetch GitHub commit ID from kodata failed: \"ref: refs/heads/test\" is not a valid GitHub commit ID"}
{"level":"info","ts":1549295730.3480146,"logger":"fallback-logger","caller":"git-init/main.go:92","msg":"Successfully cloned \"https://github.com/cb-kubecd/mwm-golang-http.git\" @ \"ef00cff6f1c75e8fc5e77f36ff7db8deaffa8fba\" in path \"/workspace\""}
Step: build-step-jenkins:

Picked up _JAVA_OPTIONS: -Xmx400m
Started
Running in Durability level: PERFORMANCE_OPTIMIZED
  18.185 [id=29]	WARNING	i.f.k.c.i.VersionUsageUtils#alert: The client is using resource type 'customresourcedefinitions' with unstable version 'v1beta1'
[Pipeline] node
Running on Jenkins in /tmp/jenkinsTests.tmp/jenkins8231528584318420750test/workspace/job
[Pipeline] {
[Pipeline] stage
[Pipeline] { (Declarative: Checkout SCM)
[Pipeline] checkout
[Pipeline] }
[Pipeline] // stage
[Pipeline] withCredentials
[Pipeline] {
[Pipeline] withEnv
[Pipeline] {
[Pipeline] stage
[Pipeline] { (CI Build and push snapshot)
Stage "CI Build and push snapshot" skipped due to when conditional
[Pipeline] }
[Pipeline] // stage
[Pipeline] stage
[Pipeline] { (Build Release)
[Pipeline] dir
Running in /home/jenkins/go/src/github.com/cb-kubecd/mwm-golang-http
[Pipeline] {
[Pipeline] git
Cloning the remote Git repository
Cloning repository https://github.com/cb-kubecd/mwm-golang-http.git
 > git init /home/jenkins/go/src/github.com/cb-kubecd/mwm-golang-http # timeout=10
Fetching upstream changes from https://github.com/cb-kubecd/mwm-golang-http.git
 > git --version # timeout=10
 > git fetch --tags --progress https://github.com/cb-kubecd/mwm-golang-http.git +refs/heads/*:refs/remotes/origin/*
 > git config remote.origin.url https://github.com/cb-kubecd/mwm-golang-http.git # timeout=10
 > git config --add remote.origin.fetch +refs/heads/*:refs/remotes/origin/* # timeout=10
 > git config remote.origin.url https://github.com/cb-kubecd/mwm-golang-http.git # timeout=10
Fetching upstream changes from https://github.com/cb-kubecd/mwm-golang-http.git
 > git fetch --tags --progress https://github.com/cb-kubecd/mwm-golang-http.git +refs/heads/*:refs/remotes/origin/*
 > git rev-parse refs/remotes/origin/master^{commit} # timeout=10
 > git rev-parse refs/remotes/origin/origin/master^{commit} # timeout=10
Checking out Revision ef00cff6f1c75e8fc5e77f36ff7db8deaffa8fba (refs/remotes/origin/master)
 > git config core.sparsecheckout # timeout=10
 > git checkout -f ef00cff6f1c75e8fc5e77f36ff7db8deaffa8fba
 > git branch -a -v --no-abbrev # timeout=10
 > git checkout -b master ef00cff6f1c75e8fc5e77f36ff7db8deaffa8fba
Commit message: "small update 7"
First time build. Skipping changelog.
[Pipeline] sh
+ jx-release-version
+ echo 0.0.9
[Pipeline] sh
+ cat VERSION
+ jx step tag --version 0.0.9
Tag v0.0.9 created and pushed to remote origin
[Pipeline] sh
+ make build
CGO_ENABLED=0 GO15VENDOREXPERIMENT=1 go build -ldflags '' -o bin/mwm-golang-http main.go
[Pipeline] sh
+ cat VERSION
+ export VERSION=0.0.9
+ skaffold build -f skaffold.yaml
time="2019-02-04T15:56:20Z" level=warning msg="config version (skaffold/v1beta2) out of date: upgrading to latest (skaffold/v1beta3)"
Starting build...
Building [changeme]...
Sending build context to Docker daemon  525.8kBSending build context to Docker daemon  6.502MB
Step 1/4 : FROM scratch
 ---> 
Step 2/4 : EXPOSE 8080
 ---> Using cache
 ---> d1a007f0f3eb
Step 3/4 : ENTRYPOINT /mwm-golang-http
 ---> Using cache
 ---> 74100c7e9e8a
Step 4/4 : COPY ./bin/ /
 ---> 13311873806c
Successfully built 13311873806c
The push refers to a repository [10.75.242.126:5000/cb-kubecd/mwm-golang-http]
e7628b6050c7: Preparing
e7628b6050c7: Pushed
0.0.9: digest: sha256:b253b8ed211326a77f53270aa36c9b273f6e22fab001c954d1eaa804a2447eb3 size: 528
Build complete in 1.434955554s
Starting test...
Test complete in 5.129µs
changeme -> 10.75.242.126:5000/cb-kubecd/mwm-golang-http:0.0.9
There is a new version (0.22.0) of skaffold available. Download it at https://storage.googleapis.com/skaffold/releases/latest/skaffold-linux-amd64

[Pipeline] sh
+ cat VERSION
+ jx step post build --image 10.75.242.126:5000/cb-kubecd/mwm-golang-http:0.0.9
[Pipeline] }
[Pipeline] // dir
[Pipeline] }
[Pipeline] // stage
[Pipeline] stage
[Pipeline] { (Promote to Environments)
[Pipeline] dir
Running in /home/jenkins/go/src/github.com/cb-kubecd/mwm-golang-http/charts/mwm-golang-http
[Pipeline] {
[Pipeline] sh
+ cat ../../VERSION
+ jx step changelog --version v0.0.9
Using batch mode as inside a pipeline
Generating change log from git ref ef00cff6f1c75e8fc5e77f36ff7db8deaffa8fba => 377b4705300d89f451e003ca1756f1801aa91967
Failed to enrich commits with issues: User.jenkins.io "" is invalid: metadata.name: Required value: name or generateName is required
Failed to enrich commits with issues: User.jenkins.io "" is invalid: metadata.name: Required value: name or generateName is required
Finding issues in commit messages using git format
No release found for cb-kubecd/mwm-golang-http and tag v0.0.9 so creating a new release
Updated the release information at https://github.com/cb-kubecd/mwm-golang-http/releases/tag/v0.0.9
generated: /home/jenkins/go/src/github.com/cb-kubecd/mwm-golang-http/charts/mwm-golang-http/templates/release.yaml
Created Release mwm-golang-http-0-0-9 resource in namespace jx
Updating PipelineActivity cb-kubecd-mwm-golang-http-master-13 with version 0.0.9
Updated PipelineActivities cb-kubecd-mwm-golang-http-master-13 with release notes URL: https://github.com/cb-kubecd/mwm-golang-http/releases/tag/v0.0.9
[Pipeline] sh
+ jx step helm release
No $CHART_REPOSITORY defined so using the default value of: http://jenkins-x-chartmuseum:8080
Adding missing Helm repo: jenkins-x http://chartmuseum.jenkins-x.io
Successfully added Helm repository jenkins-x.
Adding missing Helm repo: releases http://jenkins-x-chartmuseum:8080
Successfully added Helm repository releases.
No $CHART_REPOSITORY defined so using the default value of: http://jenkins-x-chartmuseum:8080
Uploading chart file mwm-golang-http-0.0.9.tgz to http://jenkins-x-chartmuseum:8080/api/charts
Received 201 response: {"saved":true}
[Pipeline] sh
+ cat ../../VERSION
+ jx promote -b --all-auto --timeout 1h --version 0.0.9
prow based install so skip waiting for the merge of Pull Requests to go green as currently there is an issue with gettingstatuses from the PR, see https://github.com/jenkins-x/jx/issues/2410
Promoting app mwm-golang-http version 0.0.9 to namespace jx-staging
Created Pull Request: https://github.com/cb-kubecd/shared-dev-staging/pull/20

Failed to query the Pull Request last commit status for https://github.com/cb-kubecd/shared-dev-staging/pull/20 ref 967446bd76130ad88280e8a5ce3c6c7738fc63ab Could not find a status for repository cb-kubecd/shared-dev-staging with ref 967446bd76130ad88280e8a5ce3c6c7738fc63ab
Failed to query the Pull Request last commit status for https://github.com/cb-kubecd/shared-dev-staging/pull/20 ref 967446bd76130ad88280e8a5ce3c6c7738fc63ab Could not find a status for repository cb-kubecd/shared-dev-staging with ref 967446bd76130ad88280e8a5ce3c6c7738fc63ab
Rebasing PullRequest due to conflict
Pull Request https://github.com/cb-kubecd/shared-dev-staging/pull/20 is merged at sha 512a2d599e50a92baf30392e472361ca58abb469
Pull Request merged but we are not waiting for the update pipeline to complete!
[Pipeline] }
[Pipeline] // dir
[Pipeline] }
[Pipeline] // stage
[Pipeline] }
[Pipeline] // withEnv
[Pipeline] }
[Pipeline] // withCredentials
[Pipeline] }
[Pipeline] // node
[Pipeline] End of Pipeline
Finished: SUCCESS
