Step: build-step-credential-initializer:

{"level":"warn","ts":1549296929.6077673,"logger":"fallback-logger","caller":"logging/config.go:65","msg":"Fetch GitHub commit ID from kodata failed: \"ref: refs/heads/test\" is not a valid GitHub commit ID"}
{"level":"info","ts":1549296929.6081996,"logger":"fallback-logger","caller":"creds-init/main.go:40","msg":"Credentials initialized."}
Step: build-step-git-source-0:

{"level":"warn","ts":1549296930.9012804,"logger":"fallback-logger","caller":"logging/config.go:65","msg":"Fetch GitHub commit ID from kodata failed: \"ref: refs/heads/test\" is not a valid GitHub commit ID"}
{"level":"info","ts":1549296931.9973698,"logger":"fallback-logger","caller":"git-init/main.go:92","msg":"Successfully cloned \"https://github.com/cb-kubecd/mwm-golang-http.git\" @ \"ea7d96ec2722ac27a095edf0bd9c0ad52ddbad6b\" in path \"/workspace\""}
Step: build-step-jenkins:

Picked up _JAVA_OPTIONS: -Xmx400m
Started
Running in Durability level: PERFORMANCE_OPTIMIZED
  18.677 [id=31]	WARNING	i.f.k.c.i.VersionUsageUtils#alert: The client is using resource type 'customresourcedefinitions' with unstable version 'v1beta1'
[Pipeline] node
Running on Jenkins in /tmp/jenkinsTests.tmp/jenkins7047053493926195904test/workspace/job
[Pipeline] {
[Pipeline] stage
[Pipeline] { (Declarative: Checkout SCM)
[Pipeline] checkout
[Pipeline] }
[Pipeline] // stage
[Pipeline] withCredentials
[Pipeline] {
[Pipeline] withEnv
[Pipeline] {
[Pipeline] stage
[Pipeline] { (CI Build and push snapshot)
Stage "CI Build and push snapshot" skipped due to when conditional
[Pipeline] }
[Pipeline] // stage
[Pipeline] stage
[Pipeline] { (Build Release)
[Pipeline] dir
Running in /home/jenkins/go/src/github.com/cb-kubecd/mwm-golang-http
[Pipeline] {
[Pipeline] git
Cloning the remote Git repository
Cloning repository https://github.com/cb-kubecd/mwm-golang-http.git
 > git init /home/jenkins/go/src/github.com/cb-kubecd/mwm-golang-http # timeout=10
Fetching upstream changes from https://github.com/cb-kubecd/mwm-golang-http.git
 > git --version # timeout=10
 > git fetch --tags --progress https://github.com/cb-kubecd/mwm-golang-http.git +refs/heads/*:refs/remotes/origin/*
 > git config remote.origin.url https://github.com/cb-kubecd/mwm-golang-http.git # timeout=10
 > git config --add remote.origin.fetch +refs/heads/*:refs/remotes/origin/* # timeout=10
 > git config remote.origin.url https://github.com/cb-kubecd/mwm-golang-http.git # timeout=10
Fetching upstream changes from https://github.com/cb-kubecd/mwm-golang-http.git
 > git fetch --tags --progress https://github.com/cb-kubecd/mwm-golang-http.git +refs/heads/*:refs/remotes/origin/*
 > git rev-parse refs/remotes/origin/master^{commit} # timeout=10
 > git rev-parse refs/remotes/origin/origin/master^{commit} # timeout=10
Checking out Revision ea7d96ec2722ac27a095edf0bd9c0ad52ddbad6b (refs/remotes/origin/master)
 > git config core.sparsecheckout # timeout=10
 > git checkout -f ea7d96ec2722ac27a095edf0bd9c0ad52ddbad6b
 > git branch -a -v --no-abbrev # timeout=10
 > git checkout -b master ea7d96ec2722ac27a095edf0bd9c0ad52ddbad6b
Commit message: "small update 9"
First time build. Skipping changelog.
[Pipeline] sh
+ jx-release-version
+ echo 0.0.11
[Pipeline] sh
+ cat VERSION
+ jx step tag --version 0.0.11
Tag v0.0.11 created and pushed to remote origin
[Pipeline] sh
+ make build
CGO_ENABLED=0 GO15VENDOREXPERIMENT=1 go build -ldflags '' -o bin/mwm-golang-http main.go
[Pipeline] sh
+ cat VERSION
+ export VERSION=0.0.11
+ skaffold build -f skaffold.yaml
time="2019-02-04T16:16:20Z" level=warning msg="config version (skaffold/v1beta2) out of date: upgrading to latest (skaffold/v1beta3)"
Starting build...
Building [changeme]...
Sending build context to Docker daemon  525.8kBSending build context to Docker daemon  6.502MB
Step 1/4 : FROM scratch
 ---> 
Step 2/4 : EXPOSE 8080
 ---> Using cache
 ---> d1a007f0f3eb
Step 3/4 : ENTRYPOINT /mwm-golang-http
 ---> Using cache
 ---> 74100c7e9e8a
Step 4/4 : COPY ./bin/ /
 ---> 5a3ad7da14df
Successfully built 5a3ad7da14df
The push refers to a repository [10.75.242.126:5000/cb-kubecd/mwm-golang-http]
fd049ebb2e9e: Preparing
fd049ebb2e9e: Pushed
0.0.11: digest: sha256:063e5725b1f4c1f05d6b3741ab79abd6c0ead32c229b02fd90e693b8bf562594 size: 528
Build complete in 1.203595071s
Starting test...
Test complete in 5.768µs
changeme -> 10.75.242.126:5000/cb-kubecd/mwm-golang-http:0.0.11
There is a new version (0.22.0) of skaffold available. Download it at https://storage.googleapis.com/skaffold/releases/latest/skaffold-linux-amd64

[Pipeline] sh
+ cat VERSION
+ jx step post build --image 10.75.242.126:5000/cb-kubecd/mwm-golang-http:0.0.11
[Pipeline] }
[Pipeline] // dir
[Pipeline] }
[Pipeline] // stage
[Pipeline] stage
[Pipeline] { (Promote to Environments)
[Pipeline] dir
Running in /home/jenkins/go/src/github.com/cb-kubecd/mwm-golang-http/charts/mwm-golang-http
[Pipeline] {
[Pipeline] sh
+ cat ../../VERSION
+ jx step changelog --version v0.0.11
Using batch mode as inside a pipeline
Generating change log from git ref ea7d96ec2722ac27a095edf0bd9c0ad52ddbad6b => aeb49241853191837555fe32825c9424a7fc3ac1
Failed to enrich commits with issues: User.jenkins.io "" is invalid: metadata.name: Required value: name or generateName is required
Failed to enrich commits with issues: User.jenkins.io "" is invalid: metadata.name: Required value: name or generateName is required
Finding issues in commit messages using git format
No release found for cb-kubecd/mwm-golang-http and tag v0.0.11 so creating a new release
Updated the release information at https://github.com/cb-kubecd/mwm-golang-http/releases/tag/v0.0.11
generated: /home/jenkins/go/src/github.com/cb-kubecd/mwm-golang-http/charts/mwm-golang-http/templates/release.yaml
Created Release mwm-golang-http-0-0-11 resource in namespace jx
Updating PipelineActivity cb-kubecd-mwm-golang-http-master-15 with version 0.0.11
Updated PipelineActivities cb-kubecd-mwm-golang-http-master-15 with release notes URL: https://github.com/cb-kubecd/mwm-golang-http/releases/tag/v0.0.11
[Pipeline] sh
+ jx step helm release
No $CHART_REPOSITORY defined so using the default value of: http://jenkins-x-chartmuseum:8080
Adding missing Helm repo: jenkins-x http://chartmuseum.jenkins-x.io
Successfully added Helm repository jenkins-x.
Adding missing Helm repo: releases http://jenkins-x-chartmuseum:8080
Successfully added Helm repository releases.
No $CHART_REPOSITORY defined so using the default value of: http://jenkins-x-chartmuseum:8080
Uploading chart file mwm-golang-http-0.0.11.tgz to http://jenkins-x-chartmuseum:8080/api/charts
Received 201 response: {"saved":true}
[Pipeline] sh
+ cat ../../VERSION
+ jx promote -b --all-auto --timeout 1h --version 0.0.11
prow based install so skip waiting for the merge of Pull Requests to go green as currently there is an issue with gettingstatuses from the PR, see https://github.com/jenkins-x/jx/issues/2410
Promoting app mwm-golang-http version 0.0.11 to namespace jx-staging
Created Pull Request: https://github.com/cb-kubecd/shared-dev-staging/pull/24

Failed to query the Pull Request last commit status for https://github.com/cb-kubecd/shared-dev-staging/pull/24 ref 7b85c52fe8f99363d790f97cdda90a3482a58d8c Could not find a status for repository cb-kubecd/shared-dev-staging with ref 7b85c52fe8f99363d790f97cdda90a3482a58d8c
Failed to query the Pull Request last commit status for https://github.com/cb-kubecd/shared-dev-staging/pull/24 ref 7b85c52fe8f99363d790f97cdda90a3482a58d8c Could not find a status for repository cb-kubecd/shared-dev-staging with ref 7b85c52fe8f99363d790f97cdda90a3482a58d8c
Pull Request https://github.com/cb-kubecd/shared-dev-staging/pull/24 is merged at sha a94c9498cf4f938aa1779f383d7d200ad6991cde
Pull Request merged but we are not waiting for the update pipeline to complete!
[Pipeline] }
[Pipeline] // dir
[Pipeline] }
[Pipeline] // stage
[Pipeline] }
[Pipeline] // withEnv
[Pipeline] }
[Pipeline] // withCredentials
[Pipeline] }
[Pipeline] // node
[Pipeline] End of Pipeline
Finished: SUCCESS
