Step: build-step-credential-initializer:

{"level":"warn","ts":1549624051.9515758,"logger":"fallback-logger","caller":"logging/config.go:65","msg":"Fetch GitHub commit ID from kodata failed: \"ref: refs/heads/test\" is not a valid GitHub commit ID"}
{"level":"info","ts":1549624051.9531672,"logger":"fallback-logger","caller":"creds-init/main.go:40","msg":"Credentials initialized."}
Step: build-step-git-source-0:

{"level":"warn","ts":1549624052.7196844,"logger":"fallback-logger","caller":"logging/config.go:65","msg":"Fetch GitHub commit ID from kodata failed: \"ref: refs/heads/test\" is not a valid GitHub commit ID"}
{"level":"info","ts":1549624053.9240694,"logger":"fallback-logger","caller":"git-init/main.go:92","msg":"Successfully cloned \"https://github.com/cb-kubecd/mwm-golang-http.git\" @ \"81aed4d80e507d43d52ccab009786d40fd021f7d\" in path \"/workspace\""}
Step: build-step-jenkins:

Picked up _JAVA_OPTIONS: -Xmx400m
Started
Running in Durability level: PERFORMANCE_OPTIMIZED
  20.434 [id=34]	WARNING	i.f.k.c.i.VersionUsageUtils#alert: The client is using resource type 'customresourcedefinitions' with unstable version 'v1beta1'
[Pipeline] node
Running on Jenkins in /tmp/jenkinsTests.tmp/jenkins7761972867532753509test/workspace/job
[Pipeline] {
[Pipeline] stage
[Pipeline] { (Declarative: Checkout SCM)
[Pipeline] checkout
[Pipeline] }
[Pipeline] // stage
[Pipeline] withCredentials
[Pipeline] {
[Pipeline] withEnv
[Pipeline] {
[Pipeline] stage
[Pipeline] { (CI Build and push snapshot)
Stage "CI Build and push snapshot" skipped due to when conditional
[Pipeline] }
[Pipeline] // stage
[Pipeline] stage
[Pipeline] { (Build Release)
[Pipeline] dir
Running in /home/jenkins/go/src/github.com/cb-kubecd/mwm-golang-http
[Pipeline] {
[Pipeline] git
Cloning the remote Git repository
Cloning repository https://github.com/cb-kubecd/mwm-golang-http.git
 > git init /home/jenkins/go/src/github.com/cb-kubecd/mwm-golang-http # timeout=10
Fetching upstream changes from https://github.com/cb-kubecd/mwm-golang-http.git
 > git --version # timeout=10
 > git fetch --tags --progress https://github.com/cb-kubecd/mwm-golang-http.git +refs/heads/*:refs/remotes/origin/*
 > git config remote.origin.url https://github.com/cb-kubecd/mwm-golang-http.git # timeout=10
 > git config --add remote.origin.fetch +refs/heads/*:refs/remotes/origin/* # timeout=10
 > git config remote.origin.url https://github.com/cb-kubecd/mwm-golang-http.git # timeout=10
Fetching upstream changes from https://github.com/cb-kubecd/mwm-golang-http.git
 > git fetch --tags --progress https://github.com/cb-kubecd/mwm-golang-http.git +refs/heads/*:refs/remotes/origin/*
 > git rev-parse refs/remotes/origin/master^{commit} # timeout=10
 > git rev-parse refs/remotes/origin/origin/master^{commit} # timeout=10
Checking out Revision 81aed4d80e507d43d52ccab009786d40fd021f7d (refs/remotes/origin/master)
 > git config core.sparsecheckout # timeout=10
 > git checkout -f 81aed4d80e507d43d52ccab009786d40fd021f7d
 > git branch -a -v --no-abbrev # timeout=10
 > git checkout -b master 81aed4d80e507d43d52ccab009786d40fd021f7d
Commit message: "small update 14."
First time build. Skipping changelog.
[Pipeline] sh
+ jx-release-version
+ echo 0.0.24
[Pipeline] sh
+ cat VERSION
+ jx step tag --version 0.0.24
Tag v0.0.24 created and pushed to remote origin
[Pipeline] sh
+ make build
CGO_ENABLED=0 GO15VENDOREXPERIMENT=1 go build -ldflags '' -o bin/mwm-golang-http main.go
[Pipeline] sh
+ cat VERSION
+ export VERSION=0.0.24
+ skaffold build -f skaffold.yaml
time="2019-02-08T11:08:28Z" level=warning msg="config version (skaffold/v1beta2) out of date: upgrading to latest (skaffold/v1beta3)"
Starting build...
Building [changeme]...
Sending build context to Docker daemon  525.8kBSending build context to Docker daemon  6.502MB
Step 1/4 : FROM scratch
 ---> 
Step 2/4 : EXPOSE 8080
 ---> Using cache
 ---> d1a007f0f3eb
Step 3/4 : ENTRYPOINT /mwm-golang-http
 ---> Using cache
 ---> 74100c7e9e8a
Step 4/4 : COPY ./bin/ /
 ---> 25a54946db34
Successfully built 25a54946db34
The push refers to a repository [10.75.242.126:5000/cb-kubecd/mwm-golang-http]
2005aaf557db: Preparing
2005aaf557db: Pushed
0.0.24: digest: sha256:577381866cc9322353374dddbe2e5edcdb49c7ba9bc72e5fc53233d93df95cc1 size: 528
Build complete in 1.297527887s
Starting test...
Test complete in 4.65µs
changeme -> 10.75.242.126:5000/cb-kubecd/mwm-golang-http:0.0.24
There is a new version (0.22.0) of skaffold available. Download it at https://storage.googleapis.com/skaffold/releases/latest/skaffold-linux-amd64

[Pipeline] sh
+ cat VERSION
+ jx step post build --image 10.75.242.126:5000/cb-kubecd/mwm-golang-http:0.0.24
[Pipeline] }
[Pipeline] // dir
[Pipeline] }
[Pipeline] // stage
[Pipeline] stage
[Pipeline] { (Promote to Environments)
[Pipeline] dir
Running in /home/jenkins/go/src/github.com/cb-kubecd/mwm-golang-http/charts/mwm-golang-http
[Pipeline] {
[Pipeline] sh
+ cat ../../VERSION
+ jx step changelog --version v0.0.24
Using batch mode as inside a pipeline
Generating change log from git ref 81aed4d80e507d43d52ccab009786d40fd021f7d => 5abaaa74271bdf5930a10bd0dcbebd75e7a4a999
Failed to enrich commits with issues: User.jenkins.io "" is invalid: metadata.name: Required value: name or generateName is required
Failed to enrich commits with issues: User.jenkins.io "" is invalid: metadata.name: Required value: name or generateName is required
Finding issues in commit messages using git format
No release found for cb-kubecd/mwm-golang-http and tag v0.0.24 so creating a new release
Updated the release information at https://github.com/cb-kubecd/mwm-golang-http/releases/tag/v0.0.24
generated: /home/jenkins/go/src/github.com/cb-kubecd/mwm-golang-http/charts/mwm-golang-http/templates/release.yaml
Created Release mwm-golang-http-0-0-24 resource in namespace jx
Updating PipelineActivity cb-kubecd-mwm-golang-http-master-28 with version 0.0.24
Updated PipelineActivities cb-kubecd-mwm-golang-http-master-28 with release notes URL: https://github.com/cb-kubecd/mwm-golang-http/releases/tag/v0.0.24
[Pipeline] sh
+ jx step helm release
No $CHART_REPOSITORY defined so using the default value of: http://jenkins-x-chartmuseum:8080
Adding missing Helm repo: releases http://jenkins-x-chartmuseum:8080
Successfully added Helm repository releases.
Adding missing Helm repo: jenkins-x http://chartmuseum.jenkins-x.io
Successfully added Helm repository jenkins-x.
No $CHART_REPOSITORY defined so using the default value of: http://jenkins-x-chartmuseum:8080
Uploading chart file mwm-golang-http-0.0.24.tgz to http://jenkins-x-chartmuseum:8080/api/charts
Received 201 response: {"saved":true}
[Pipeline] sh
+ cat ../../VERSION
+ jx promote -b --all-auto --timeout 10m --version 0.0.24
prow based install so skip waiting for the merge of Pull Requests to go green as currently there is an issue with gettingstatuses from the PR, see https://github.com/jenkins-x/jx/issues/2410
Promoting app mwm-golang-http version 0.0.24 to namespace jx-staging
Created Pull Request: https://github.com/cb-kubecd/shared-dev-staging/pull/43

Failed to query the Pull Request last commit status for https://github.com/cb-kubecd/shared-dev-staging/pull/43 ref 5ba649a1f9d78a4b6a511433979ad74b56be350a Could not find a status for repository cb-kubecd/shared-dev-staging with ref 5ba649a1f9d78a4b6a511433979ad74b56be350a
Failed to query the Pull Request last commit status for https://github.com/cb-kubecd/shared-dev-staging/pull/43 ref 5ba649a1f9d78a4b6a511433979ad74b56be350a Could not find a status for repository cb-kubecd/shared-dev-staging with ref 5ba649a1f9d78a4b6a511433979ad74b56be350a
Failed to query the Pull Request last commit status for https://github.com/cb-kubecd/shared-dev-staging/pull/43 ref 5ba649a1f9d78a4b6a511433979ad74b56be350a Could not find a status for repository cb-kubecd/shared-dev-staging with ref 5ba649a1f9d78a4b6a511433979ad74b56be350a
error: Timed out waiting for pull request https://github.com/cb-kubecd/shared-dev-staging/pull/43 to merge. Waited 10m0s
[Pipeline] }
[Pipeline] // dir
[Pipeline] }
[Pipeline] // stage
[Pipeline] }
[Pipeline] // withEnv
[Pipeline] }
[Pipeline] // withCredentials
[Pipeline] }
[Pipeline] // node
[Pipeline] End of Pipeline
ERROR: script returned exit code 1
Finished: FAILURE
